{
  "RSpec": {
    "coverage": {
      "/Users/naveenk1/Projects/reward_system/init.rb": [
        1,
        1,
        1,
        1,
        1,
        1
      ],
      "/Users/naveenk1/Projects/reward_system/modals/forest_operations.rb": [
        null,
        null,
        1,
        1,
        null,
        null,
        1,
        34,
        34,
        null,
        null,
        null,
        null,
        1,
        181,
        null,
        null,
        null,
        null,
        1,
        27,
        27,
        27,
        27,
        27,
        27,
        null,
        94,
        40,
        40,
        40,
        null,
        null,
        null,
        null,
        1,
        48,
        null,
        null,
        null,
        1,
        98,
        null,
        null,
        null,
        1,
        35,
        null,
        null,
        null,
        null,
        1,
        null,
        null,
        25,
        67,
        null,
        33,
        null,
        null,
        null,
        null,
        1,
        65,
        null,
        null,
        null
      ],
      "/Users/naveenk1/Projects/reward_system/modals/invitation_manager.rb": [
        null,
        null,
        null,
        null,
        null,
        1,
        1,
        1,
        1,
        13,
        13,
        null,
        null,
        null,
        null,
        null,
        null,
        1,
        33,
        null,
        null,
        33,
        31,
        null,
        null,
        31,
        17,
        null,
        14,
        14,
        null,
        null,
        null,
        null,
        null,
        null,
        null,
        1,
        18,
        18,
        20,
        null,
        null,
        null,
        20,
        18,
        null,
        null,
        null,
        null,
        null,
        null,
        null,
        null,
        18,
        null,
        null,
        18,
        null,
        null,
        null,
        null,
        null,
        1,
        15,
        null,
        null,
        null,
        null,
        null,
        null,
        null,
        null,
        null,
        null,
        null,
        1,
        24,
        28,
        24,
        null,
        null,
        null,
        null,
        null,
        null,
        null,
        1,
        11,
        null,
        null,
        null
      ],
      "/Users/naveenk1/Projects/reward_system/modals/process_file.rb": [
        null,
        null,
        null,
        null,
        1,
        1,
        null,
        null,
        1,
        4,
        null,
        null,
        null,
        1,
        7,
        7,
        45,
        45,
        45,
        45,
        null,
        26,
        null,
        19,
        null,
        null,
        7,
        null,
        null,
        null,
        null,
        1,
        null,
        52,
        8,
        66,
        null,
        null,
        null,
        null,
        1,
        48,
        47,
        215,
        121,
        null,
        null,
        47,
        null,
        null,
        null,
        null,
        null,
        1,
        null,
        null,
        null,
        1,
        null,
        1,
        48,
        null,
        20,
        null,
        27,
        null,
        1,
        null,
        47,
        null,
        null,
        1,
        47,
        47,
        null,
        null,
        1,
        47,
        null,
        null,
        1,
        215,
        null,
        null
      ],
      "/Users/naveenk1/Projects/reward_system/spec/test_helper.rb": [
        null,
        1,
        4,
        null,
        1,
        9,
        9,
        11,
        38,
        null,
        null,
        9,
        null,
        null,
        1,
        null,
        5,
        4,
        null,
        null,
        null,
        1,
        12,
        12,
        12,
        null,
        7,
        null,
        5,
        null,
        null,
        null,
        1,
        14,
        null
      ],
      "/Users/naveenk1/Projects/reward_system/spec/test_data/test_variables.rb": [
        1,
        null,
        1,
        2,
        null,
        null,
        null,
        null,
        null,
        null,
        null,
        null,
        null,
        null,
        null,
        null,
        null,
        null,
        null,
        null,
        null,
        null,
        null,
        null,
        null,
        null,
        null,
        1,
        3,
        null,
        null,
        null,
        null,
        null,
        null,
        null,
        null,
        null,
        null,
        null,
        null,
        null,
        null,
        null,
        null,
        null,
        null,
        null,
        1,
        16,
        null,
        null,
        null,
        null,
        null,
        null,
        null,
        null,
        null,
        null,
        null,
        null,
        null,
        null,
        null,
        null,
        null,
        null,
        null,
        null,
        null,
        null,
        null,
        null,
        null,
        null,
        null,
        null,
        null,
        null,
        null,
        null,
        null,
        null,
        1,
        4,
        null,
        null,
        null,
        null,
        null,
        null,
        null,
        null,
        null,
        null,
        null,
        null,
        null,
        null,
        null,
        null,
        null,
        null,
        null,
        null,
        null,
        1,
        null,
        6,
        null,
        null,
        null,
        null,
        null,
        null,
        null,
        null,
        null,
        null,
        1,
        3,
        null,
        null,
        null,
        null,
        null,
        null,
        null,
        null,
        null,
        null,
        null,
        null
      ],
      "/Users/naveenk1/Projects/reward_system/spec/modals/forest_operations_spec.rb": [
        null,
        1,
        13,
        13,
        9,
        10,
        10,
        1,
        1,
        1,
        1,
        1,
        null,
        null,
        1,
        1,
        2,
        2,
        2,
        null,
        1,
        1,
        1,
        null,
        1,
        1,
        1,
        null,
        null,
        1,
        null,
        1,
        1,
        1,
        1,
        1,
        null,
        1,
        1,
        1,
        1,
        1,
        1,
        1,
        1,
        null,
        null,
        1,
        1,
        2,
        2,
        2,
        null,
        1,
        1,
        1,
        null,
        1,
        1,
        1,
        null,
        null,
        1,
        1,
        2,
        2,
        2,
        2,
        null,
        1,
        1,
        1,
        null,
        1,
        1,
        1,
        null,
        null,
        1,
        1,
        2,
        2,
        2,
        null,
        1,
        1,
        1,
        null,
        1,
        1,
        1,
        null,
        null,
        1,
        1,
        1,
        1,
        1,
        1,
        null,
        1,
        1,
        1,
        null,
        null,
        null
      ],
      "/Users/naveenk1/Projects/reward_system/spec/modals/invitation_manager_spec.rb": [
        1,
        1,
        null,
        1,
        1,
        1,
        null,
        null,
        null,
        null,
        null,
        null,
        null,
        1,
        null,
        null,
        null,
        1,
        3,
        null,
        1,
        null,
        null,
        null,
        null,
        null,
        null,
        null,
        null,
        1,
        null,
        1,
        null,
        1,
        2,
        null,
        1,
        null,
        null,
        null,
        null,
        null,
        null,
        null,
        1,
        null,
        null,
        null,
        1,
        4,
        null,
        1,
        null,
        null,
        null,
        null,
        null,
        null,
        null,
        null,
        null,
        1,
        null,
        1,
        null,
        1,
        2,
        null,
        1,
        1,
        1,
        null,
        null,
        null,
        null,
        null,
        null,
        null,
        null,
        1,
        null,
        1,
        1,
        1,
        1,
        1,
        null,
        null,
        null,
        null,
        null,
        null,
        null,
        null
      ],
      "/Users/naveenk1/Projects/reward_system/spec/modals/process_file_spec.rb": [
        null,
        1,
        null,
        1,
        null,
        1,
        1,
        null,
        2,
        null,
        null,
        2,
        2,
        null,
        null,
        null,
        null,
        null,
        null,
        null,
        1,
        1,
        2,
        null,
        null,
        2,
        2,
        null,
        null,
        null,
        null,
        null,
        null,
        null,
        1,
        null,
        1,
        null,
        1,
        1,
        1,
        null,
        null,
        null,
        null,
        null,
        null,
        1,
        null,
        1,
        1,
        1,
        null,
        null,
        null,
        null,
        null,
        null,
        1,
        null,
        1,
        1,
        1,
        null,
        null,
        null,
        null,
        null,
        null,
        null,
        null,
        1,
        null,
        1,
        null,
        1,
        null,
        null,
        null,
        null,
        null,
        null,
        null,
        null,
        1,
        null,
        1,
        1,
        null,
        null,
        null,
        null,
        null,
        null,
        1,
        1,
        null,
        null,
        null,
        null,
        null,
        null,
        1,
        1,
        null,
        null,
        null,
        null,
        null,
        null,
        null,
        null
      ]
    },
    "timestamp": 1572255008
  }
}
